INFO:{'net': 'MLPMixer', 'ds': 'ir', 'device': 'cuda:0', 'train': True, 'seed': 2024, 'n_mixer': '2', 'depth': '1', 'use_mixer': '1', 'use_se': '1', 'use_res': True, 'epoch': '600', 'lr': '2e-3'}
INFO:ResNet(
  (spec_emb): Sequential(
    (0): Conv1d(1, 256, kernel_size=(16,), stride=(16,))
    (1): BatchNorm1d(256, eps=1e-05, momentum=0.1, affine=True, track_running_stats=True)
    (2): GELU(approximate='none')
    (3): Dropout(p=0.2, inplace=False)
  )
  (encoder): Sequential(
    (0): Sequential(
      (0): ResidualBlock(
        (conv1): Conv1d(256, 1024, kernel_size=(5,), stride=(1,), padding=(2,), bias=False)
        (bn1): BatchNorm1d(1024, eps=1e-05, momentum=0.1, affine=True, track_running_stats=True)
        (conv2): Conv1d(1024, 1024, kernel_size=(5,), stride=(1,), padding=(2,), bias=False)
        (bn2): BatchNorm1d(1024, eps=1e-05, momentum=0.1, affine=True, track_running_stats=True)
        (se): SE_block(
          (fc1): Conv(
            (conv): Conv1d(1024, 256, kernel_size=(1,), stride=(1,), bias=False)
            (bn): BatchNorm1d(256, eps=1e-05, momentum=0.1, affine=True, track_running_stats=True)
            (act): LeakyReLU(negative_slope=0.01)
          )
          (fc2): Conv(
            (conv): Conv1d(256, 1024, kernel_size=(1,), stride=(1,), bias=False)
            (bn): BatchNorm1d(1024, eps=1e-05, momentum=0.1, affine=True, track_running_stats=True)
            (act): LeakyReLU(negative_slope=0.01)
          )
          (sigmoid): Sigmoid()
        )
        (shortcut): Sequential(
          (0): Conv1d(256, 1024, kernel_size=(1,), stride=(1,), bias=False)
          (1): BatchNorm1d(1024, eps=1e-05, momentum=0.1, affine=True, track_running_stats=True)
        )
      )
    )
  )
  (mlpmixer): MLPMixer1D(
    (channel_linear): Conv1d(1024, 1024, kernel_size=(1,), stride=(1,))
    (token_mixers): ModuleList(
      (0-1): 2 x Sequential(
        (0): Linear(in_features=1024, out_features=768, bias=True)
        (1): GELU(approximate='none')
        (2): Dropout(p=0.0, inplace=False)
        (3): Linear(in_features=768, out_features=1024, bias=True)
        (4): Dropout(p=0.0, inplace=False)
      )
    )
    (channel_mixers): ModuleList(
      (0-1): 2 x Sequential(
        (0): Linear(in_features=16, out_features=768, bias=True)
        (1): GELU(approximate='none')
        (2): Dropout(p=0.0, inplace=False)
        (3): Linear(in_features=768, out_features=16, bias=True)
        (4): Dropout(p=0.0, inplace=False)
      )
    )
    (token_norm): LayerNorm((1024,), eps=1e-05, elementwise_affine=True)
    (channel_norm): LayerNorm((16,), eps=1e-05, elementwise_affine=True)
  )
  (head): Linear(in_features=1024, out_features=37, bias=True)
)
INFO:Epoch  0, train loss:0.106564
INFO:Epoch  0, valid loss:0.081106
INFO:Epoch  1, train loss:0.072008
INFO:Epoch  1, valid loss:0.066464
INFO:Epoch  2, train loss:0.057176
INFO:Epoch  2, valid loss:0.057964
INFO:Epoch  3, train loss:0.044965
INFO:Epoch  3, valid loss:0.053966
INFO:Epoch  4, train loss:0.035108
INFO:Epoch  4, valid loss:0.052212
INFO:Epoch  5, train loss:0.027242
INFO:Epoch  5, valid loss:0.053006
INFO:Epoch  6, train loss:0.021496
INFO:Epoch  6, valid loss:0.052981
INFO:Epoch  7, train loss:0.017584
INFO:Epoch  7, valid loss:0.054678
INFO:Epoch  8, train loss:0.014479
INFO:Epoch  8, valid loss:0.057280
INFO:Epoch  9, train loss:0.012472
INFO:Epoch  9, valid loss:0.060200
INFO:Epoch 10, train loss:0.010911
INFO:Epoch 10, valid loss:0.061861
INFO:Epoch 11, train loss:0.009656
INFO:Epoch 11, valid loss:0.066127
INFO:Epoch 12, train loss:0.008477
INFO:Epoch 12, valid loss:0.066640
INFO:Epoch 13, train loss:0.007501
INFO:Epoch 13, valid loss:0.067298
INFO:Epoch 14, train loss:0.006689
INFO:Epoch 14, valid loss:0.067809
INFO:Epoch 15, train loss:0.006070
INFO:Epoch 15, valid loss:0.067536
INFO:Epoch 16, train loss:0.005089
INFO:Epoch 16, valid loss:0.072639
INFO:Epoch 17, train loss:0.004480
INFO:Epoch 17, valid loss:0.073981
INFO:Epoch 18, train loss:0.004121
INFO:Epoch 18, valid loss:0.077264
INFO:Epoch 19, train loss:0.003478
INFO:Epoch 19, valid loss:0.077347
INFO:Epoch 20, train loss:0.003093
INFO:Epoch 20, valid loss:0.077400
INFO:Epoch 21, train loss:0.002720
INFO:Epoch 21, valid loss:0.082177
INFO:Epoch 22, train loss:0.002349
INFO:Epoch 22, valid loss:0.081888
INFO:Epoch 23, train loss:0.001945
INFO:Epoch 23, valid loss:0.085349
INFO:Epoch 24, train loss:0.001656
INFO:Epoch 24, valid loss:0.085166
INFO:Epoch 25, train loss:0.001254
INFO:Epoch 25, valid loss:0.087769
INFO:Epoch 26, train loss:0.001080
INFO:Epoch 26, valid loss:0.090452
INFO:Epoch 27, train loss:0.000856
INFO:Epoch 27, valid loss:0.090187
INFO:Epoch 28, train loss:0.000726
INFO:Epoch 28, valid loss:0.093982
INFO:Epoch 29, train loss:0.000549
INFO:Epoch 29, valid loss:0.092544
INFO:Epoch 30, train loss:0.000420
INFO:Epoch 30, valid loss:0.096660
INFO:Epoch 31, train loss:0.000301
INFO:Epoch 31, valid loss:0.098520
INFO:Epoch 32, train loss:0.000232
INFO:Epoch 32, valid loss:0.101161
INFO:Epoch 33, train loss:0.000185
INFO:Epoch 33, valid loss:0.104389
INFO:Epoch 34, train loss:0.000140
INFO:Epoch 34, valid loss:0.107010
INFO:Epoch 35, train loss:0.000108
INFO:Epoch 35, valid loss:0.109305
INFO:Epoch 36, train loss:0.000092
INFO:Epoch 36, valid loss:0.108419
INFO:Epoch 37, train loss:0.000072
INFO:Epoch 37, valid loss:0.113751
INFO:Epoch 38, train loss:0.000069
INFO:Epoch 38, valid loss:0.113380
INFO:Epoch 39, train loss:0.000062
INFO:Epoch 39, valid loss:0.113823
INFO:Epoch 40, train loss:0.020424
INFO:Epoch 40, valid loss:0.062997
INFO:Epoch 41, train loss:0.009060
INFO:Epoch 41, valid loss:0.065171
INFO:Epoch 42, train loss:0.008681
INFO:Epoch 42, valid loss:0.064940
INFO:Epoch 43, train loss:0.008231
INFO:Epoch 43, valid loss:0.066537
INFO:Epoch 44, train loss:0.007897
INFO:Epoch 44, valid loss:0.066232
INFO:Epoch 45, train loss:0.007611
INFO:Epoch 45, valid loss:0.070263
INFO:Epoch 46, train loss:0.007234
INFO:Epoch 46, valid loss:0.068121
INFO:Epoch 47, train loss:0.007360
INFO:Epoch 47, valid loss:0.067005
INFO:Epoch 48, train loss:0.006716
INFO:Epoch 48, valid loss:0.068532
INFO:Epoch 49, train loss:0.006583
INFO:Epoch 49, valid loss:0.067950
INFO:Epoch 50, train loss:0.006457
INFO:Epoch 50, valid loss:0.067463
INFO:Epoch 51, train loss:0.006327
INFO:Epoch 51, valid loss:0.069191
INFO:Epoch 52, train loss:0.005864
INFO:Epoch 52, valid loss:0.068781
INFO:Epoch 53, train loss:0.005725
INFO:Epoch 53, valid loss:0.068108
INFO:Epoch 54, train loss:0.005620
INFO:Epoch 54, valid loss:0.070533
INFO:Epoch 55, train loss:0.005536
INFO:Epoch 55, valid loss:0.069019
INFO:Epoch 56, train loss:0.005137
INFO:Epoch 56, valid loss:0.068721
INFO:Epoch 57, train loss:0.005238
INFO:Epoch 57, valid loss:0.073201
INFO:Epoch 58, train loss:0.004907
INFO:Epoch 58, valid loss:0.070506
INFO:Epoch 59, train loss:0.004774
INFO:Epoch 59, valid loss:0.072440
INFO:Epoch 60, train loss:0.004514
INFO:Epoch 60, valid loss:0.068173
INFO:Epoch 61, train loss:0.004444
INFO:Epoch 61, valid loss:0.074846
INFO:Epoch 62, train loss:0.004293
INFO:Epoch 62, valid loss:0.073999
INFO:Epoch 63, train loss:0.004065
INFO:Epoch 63, valid loss:0.076760
INFO:Epoch 64, train loss:0.003905
INFO:Epoch 64, valid loss:0.073789
INFO:Epoch 65, train loss:0.003933
INFO:Epoch 65, valid loss:0.076845
INFO:Epoch 66, train loss:0.003633
INFO:Epoch 66, valid loss:0.076979
INFO:Epoch 67, train loss:0.003536
INFO:Epoch 67, valid loss:0.072958
INFO:Epoch 68, train loss:0.003297
INFO:Epoch 68, valid loss:0.078026
INFO:Epoch 69, train loss:0.003096
INFO:Epoch 69, valid loss:0.076842
INFO:Epoch 70, train loss:0.003193
INFO:Epoch 70, valid loss:0.072593
INFO:Epoch 71, train loss:0.002994
INFO:Epoch 71, valid loss:0.076431
INFO:Epoch 72, train loss:0.002821
INFO:Epoch 72, valid loss:0.080286
INFO:Epoch 73, train loss:0.002556
INFO:Epoch 73, valid loss:0.082026
INFO:Epoch 74, train loss:0.002564
INFO:Epoch 74, valid loss:0.078573
INFO:Epoch 75, train loss:0.002512
INFO:Epoch 75, valid loss:0.077984
INFO:Epoch 76, train loss:0.002158
INFO:Epoch 76, valid loss:0.082668
INFO:Epoch 77, train loss:0.002154
INFO:Epoch 77, valid loss:0.080922
INFO:Epoch 78, train loss:0.001994
INFO:Epoch 78, valid loss:0.083968
INFO:Epoch 79, train loss:0.001926
INFO:Epoch 79, valid loss:0.081923
INFO:Epoch 80, train loss:0.001786
INFO:Epoch 80, valid loss:0.085606
INFO:Epoch 81, train loss:0.001647
INFO:Epoch 81, valid loss:0.082876
INFO:Epoch 82, train loss:0.001504
INFO:Epoch 82, valid loss:0.086990
INFO:Epoch 83, train loss:0.001421
INFO:Epoch 83, valid loss:0.089678
INFO:Epoch 84, train loss:0.001205
INFO:Epoch 84, valid loss:0.082374
INFO:Epoch 85, train loss:0.001226
INFO:Epoch 85, valid loss:0.089922
INFO:Epoch 86, train loss:0.001113
INFO:Epoch 86, valid loss:0.087401
INFO:Epoch 87, train loss:0.001055
INFO:Epoch 87, valid loss:0.090017
INFO:Epoch 88, train loss:0.000969
INFO:Epoch 88, valid loss:0.087780
INFO:Epoch 89, train loss:0.001042
INFO:Epoch 89, valid loss:0.093977
INFO:Epoch 90, train loss:0.000908
INFO:Epoch 90, valid loss:0.094984
INFO:Epoch 91, train loss:0.000763
INFO:Epoch 91, valid loss:0.094162
INFO:Epoch 92, train loss:0.000580
INFO:Epoch 92, valid loss:0.092178
INFO:Epoch 93, train loss:0.000553
INFO:Epoch 93, valid loss:0.100783
INFO:Epoch 94, train loss:0.000493
INFO:Epoch 94, valid loss:0.100096
INFO:Epoch 95, train loss:0.000418
INFO:Epoch 95, valid loss:0.103009
INFO:Epoch 96, train loss:0.000440
INFO:Epoch 96, valid loss:0.095912
INFO:Epoch 97, train loss:0.000366
INFO:Epoch 97, valid loss:0.104875
INFO:Epoch 98, train loss:0.000333
INFO:Epoch 98, valid loss:0.106265
INFO:Epoch 99, train loss:0.000284
INFO:Epoch 99, valid loss:0.102544
INFO:Epoch100, train loss:0.000240
INFO:Epoch100, valid loss:0.107215
