INFO:{'net': 'VanillaTransformer', 'ds': 'ir_pretrain', 'device': 'cuda:0', 'pretrain': True, 'test_checkpoint': 'checkpoints/ir/MLPMixer/2025-07-25_09_13/421_f1_5592.pth', 'seed': 2024, 'n_mixer': '2', 'depth': '1', 'use_mixer': '1', 'use_se': '1', 'use_res': True, 'epoch': '200', 'lr': '1e-4'}
INFO:{'net': 'VanillaTransformer', 'ds': 'ir_pretrain', 'device': 'cuda:0', 'pretrain': True, 'test_checkpoint': 'checkpoints/ir/MLPMixer/2025-07-25_09_13/421_f1_5592.pth', 'seed': 2024, 'n_mixer': '2', 'depth': '1', 'use_mixer': '1', 'use_se': '1', 'use_res': True, 'epoch': '200', 'lr': '1e-4'}
INFO:{'net': 'VanillaTransformer', 'ds': 'ir_pretrain', 'device': 'cuda:0', 'pretrain': True, 'test_checkpoint': 'checkpoints/ir/MLPMixer/2025-07-25_09_13/421_f1_5592.pth', 'seed': 2024, 'n_mixer': '2', 'depth': '1', 'use_mixer': '1', 'use_se': '1', 'use_res': True, 'epoch': '200', 'lr': '1e-4'}
INFO:{'net': 'VanillaTransformer', 'ds': 'ir_pretrain', 'device': 'cuda:0', 'pretrain': True, 'test_checkpoint': 'checkpoints/ir/MLPMixer/2025-07-25_09_13/421_f1_5592.pth', 'seed': 2024, 'n_mixer': '2', 'depth': '1', 'use_mixer': '1', 'use_se': '1', 'use_res': True, 'epoch': '200', 'lr': '1e-4'}
INFO:VanillaTransformerEncoder(
  (spectral_encoding): SpectralEncoding(
    (encoding): Conv1d(1, 512, kernel_size=(8,), stride=(8,), bias=False)
    (norm): LayerNorm()
  )
  (positional_encoding): LearnablePositionalEncoding(
    (dropout): Dropout(p=0.1, inplace=False)
  )
  (class_encoding): LearnableClassEmbedding(
    (dropout): Dropout(p=0.1, inplace=False)
  )
  (layers): ModuleList(
    (0-5): 6 x EncoderLayer(
      (self_attn): MultiHeadedAttention(
        (linears): ModuleList(
          (0-3): 4 x Linear(in_features=512, out_features=512, bias=True)
        )
        (dropout): Dropout(p=0.1, inplace=False)
      )
      (feed_forward): PositionwiseFeedForward(
        (w_1): Linear(in_features=512, out_features=2048, bias=True)
        (w_2): Linear(in_features=2048, out_features=512, bias=True)
        (dropout): Dropout(p=0.1, inplace=False)
      )
      (sublayer): ModuleList(
        (0-1): 2 x SublayerConnection(
          (norm): LayerNorm()
          (dropout): Dropout(p=0.1, inplace=False)
        )
      )
    )
  )
  (norm): LayerNorm()
  (proj): Linear(in_features=512, out_features=1024, bias=True)
  (fc): Sequential(
    (0): Flatten(start_dim=1, end_dim=-1)
    (1): Linear(in_features=512, out_features=1024, bias=True)
    (2): ReLU()
    (3): Linear(in_features=1024, out_features=1024, bias=True)
    (4): ReLU()
    (5): Linear(in_features=1024, out_features=1024, bias=True)
    (6): ReLU()
  )
  (fc_head): Linear(in_features=1024, out_features=1024, bias=True)
)
INFO:VanillaTransformerEncoder(
  (spectral_encoding): SpectralEncoding(
    (encoding): Conv1d(1, 512, kernel_size=(8,), stride=(8,), bias=False)
    (norm): LayerNorm()
  )
  (positional_encoding): LearnablePositionalEncoding(
    (dropout): Dropout(p=0.1, inplace=False)
  )
  (class_encoding): LearnableClassEmbedding(
    (dropout): Dropout(p=0.1, inplace=False)
  )
  (layers): ModuleList(
    (0-5): 6 x EncoderLayer(
      (self_attn): MultiHeadedAttention(
        (linears): ModuleList(
          (0-3): 4 x Linear(in_features=512, out_features=512, bias=True)
        )
        (dropout): Dropout(p=0.1, inplace=False)
      )
      (feed_forward): PositionwiseFeedForward(
        (w_1): Linear(in_features=512, out_features=2048, bias=True)
        (w_2): Linear(in_features=2048, out_features=512, bias=True)
        (dropout): Dropout(p=0.1, inplace=False)
      )
      (sublayer): ModuleList(
        (0-1): 2 x SublayerConnection(
          (norm): LayerNorm()
          (dropout): Dropout(p=0.1, inplace=False)
        )
      )
    )
  )
  (norm): LayerNorm()
  (proj): Linear(in_features=512, out_features=1024, bias=True)
  (fc): Sequential(
    (0): Flatten(start_dim=1, end_dim=-1)
    (1): Linear(in_features=512, out_features=1024, bias=True)
    (2): ReLU()
    (3): Linear(in_features=1024, out_features=1024, bias=True)
    (4): ReLU()
    (5): Linear(in_features=1024, out_features=1024, bias=True)
    (6): ReLU()
  )
  (fc_head): Linear(in_features=1024, out_features=1024, bias=True)
)
INFO:VanillaTransformerEncoder(
  (spectral_encoding): SpectralEncoding(
    (encoding): Conv1d(1, 512, kernel_size=(8,), stride=(8,), bias=False)
    (norm): LayerNorm()
  )
  (positional_encoding): LearnablePositionalEncoding(
    (dropout): Dropout(p=0.1, inplace=False)
  )
  (class_encoding): LearnableClassEmbedding(
    (dropout): Dropout(p=0.1, inplace=False)
  )
  (layers): ModuleList(
    (0-5): 6 x EncoderLayer(
      (self_attn): MultiHeadedAttention(
        (linears): ModuleList(
          (0-3): 4 x Linear(in_features=512, out_features=512, bias=True)
        )
        (dropout): Dropout(p=0.1, inplace=False)
      )
      (feed_forward): PositionwiseFeedForward(
        (w_1): Linear(in_features=512, out_features=2048, bias=True)
        (w_2): Linear(in_features=2048, out_features=512, bias=True)
        (dropout): Dropout(p=0.1, inplace=False)
      )
      (sublayer): ModuleList(
        (0-1): 2 x SublayerConnection(
          (norm): LayerNorm()
          (dropout): Dropout(p=0.1, inplace=False)
        )
      )
    )
  )
  (norm): LayerNorm()
  (proj): Linear(in_features=512, out_features=1024, bias=True)
  (fc): Sequential(
    (0): Flatten(start_dim=1, end_dim=-1)
    (1): Linear(in_features=512, out_features=1024, bias=True)
    (2): ReLU()
    (3): Linear(in_features=1024, out_features=1024, bias=True)
    (4): ReLU()
    (5): Linear(in_features=1024, out_features=1024, bias=True)
    (6): ReLU()
  )
  (fc_head): Linear(in_features=1024, out_features=1024, bias=True)
)
INFO:VanillaTransformerEncoder(
  (spectral_encoding): SpectralEncoding(
    (encoding): Conv1d(1, 512, kernel_size=(8,), stride=(8,), bias=False)
    (norm): LayerNorm()
  )
  (positional_encoding): LearnablePositionalEncoding(
    (dropout): Dropout(p=0.1, inplace=False)
  )
  (class_encoding): LearnableClassEmbedding(
    (dropout): Dropout(p=0.1, inplace=False)
  )
  (layers): ModuleList(
    (0-5): 6 x EncoderLayer(
      (self_attn): MultiHeadedAttention(
        (linears): ModuleList(
          (0-3): 4 x Linear(in_features=512, out_features=512, bias=True)
        )
        (dropout): Dropout(p=0.1, inplace=False)
      )
      (feed_forward): PositionwiseFeedForward(
        (w_1): Linear(in_features=512, out_features=2048, bias=True)
        (w_2): Linear(in_features=2048, out_features=512, bias=True)
        (dropout): Dropout(p=0.1, inplace=False)
      )
      (sublayer): ModuleList(
        (0-1): 2 x SublayerConnection(
          (norm): LayerNorm()
          (dropout): Dropout(p=0.1, inplace=False)
        )
      )
    )
  )
  (norm): LayerNorm()
  (proj): Linear(in_features=512, out_features=1024, bias=True)
  (fc): Sequential(
    (0): Flatten(start_dim=1, end_dim=-1)
    (1): Linear(in_features=512, out_features=1024, bias=True)
    (2): ReLU()
    (3): Linear(in_features=1024, out_features=1024, bias=True)
    (4): ReLU()
    (5): Linear(in_features=1024, out_features=1024, bias=True)
    (6): ReLU()
  )
  (fc_head): Linear(in_features=1024, out_features=1024, bias=True)
)
INFO:Epoch  0, train loss:0.031633
INFO:Epoch  0, train loss:0.032027
INFO:Epoch  0, train loss:0.032037
INFO:Epoch  0, train loss:0.031881
INFO:Epoch  0, valid loss:0.021924, valid accuracy:0.000000
INFO:Epoch  0, valid loss:0.021441, valid accuracy:0.000000
INFO:Epoch  0, valid loss:0.021933, valid accuracy:0.000000
INFO:Epoch  0, valid loss:0.021610, valid accuracy:0.000000
INFO:Epoch  1, train loss:0.020175
INFO:Epoch  1, train loss:0.020109
INFO:Epoch  1, train loss:0.020047
INFO:Epoch  1, train loss:0.020052
INFO:Epoch  1, valid loss:0.018688, valid accuracy:0.000000
INFO:Epoch  1, valid loss:0.018817, valid accuracy:0.000000
INFO:Epoch  1, valid loss:0.018690, valid accuracy:0.000000
INFO:Epoch  1, valid loss:0.018473, valid accuracy:0.000000
INFO:Epoch  2, train loss:0.017484
INFO:Epoch  2, train loss:0.017713
INFO:Epoch  2, train loss:0.017729
INFO:Epoch  2, train loss:0.017544
INFO:Epoch  2, valid loss:0.016109, valid accuracy:0.000000
INFO:Epoch  2, valid loss:0.015802, valid accuracy:0.000000
INFO:Epoch  2, valid loss:0.015906, valid accuracy:0.000000
INFO:Epoch  2, valid loss:0.015876, valid accuracy:0.000000
INFO:Epoch  3, train loss:0.015135
INFO:Epoch  3, train loss:0.015020
INFO:Epoch  3, train loss:0.014967
INFO:Epoch  3, train loss:0.015132
INFO:Epoch  3, valid loss:0.013885, valid accuracy:0.000000
INFO:Epoch  3, valid loss:0.013772, valid accuracy:0.000000
INFO:Epoch  3, valid loss:0.013509, valid accuracy:0.000000
INFO:Epoch  3, valid loss:0.013707, valid accuracy:0.000000
INFO:Epoch  4, train loss:0.012322
INFO:Epoch  4, train loss:0.012382
INFO:Epoch  4, train loss:0.012421
INFO:Epoch  4, train loss:0.012411
INFO:Epoch  4, valid loss:0.011346, valid accuracy:0.000000
INFO:Epoch  4, valid loss:0.011172, valid accuracy:0.000000
INFO:Epoch  4, valid loss:0.011197, valid accuracy:0.000000
INFO:Epoch  4, valid loss:0.011413, valid accuracy:0.000000
INFO:Epoch  5, train loss:0.010539
INFO:Epoch  5, train loss:0.010668
INFO:Epoch  5, train loss:0.010406
INFO:Epoch  5, train loss:0.010447
INFO:Epoch  5, valid loss:0.009522, valid accuracy:0.000000
INFO:Epoch  5, valid loss:0.009453, valid accuracy:0.000000
INFO:Epoch  5, valid loss:0.009348, valid accuracy:0.000000
INFO:Epoch  5, valid loss:0.009346, valid accuracy:0.000000
INFO:Epoch  6, train loss:0.009316
INFO:Epoch  6, train loss:0.009172
INFO:Epoch  6, train loss:0.009174
INFO:Epoch  6, train loss:0.009220
INFO:Epoch  6, valid loss:0.008630, valid accuracy:0.000000
INFO:Epoch  6, valid loss:0.008501, valid accuracy:0.000000
INFO:Epoch  6, valid loss:0.008535, valid accuracy:0.000000
INFO:Epoch  6, valid loss:0.008761, valid accuracy:0.000000
INFO:Epoch  7, train loss:0.008561
INFO:Epoch  7, train loss:0.008479
INFO:Epoch  7, train loss:0.008422
INFO:Epoch  7, train loss:0.008341
INFO:Epoch  7, valid loss:0.008159, valid accuracy:0.000000
INFO:Epoch  7, valid loss:0.008223, valid accuracy:0.000000
INFO:Epoch  7, valid loss:0.008423, valid accuracy:0.000000
INFO:Epoch  7, valid loss:0.008322, valid accuracy:0.000000
INFO:Epoch  8, train loss:0.007924
INFO:Epoch  8, train loss:0.008005
INFO:Epoch  8, train loss:0.007982
INFO:Epoch  8, train loss:0.008093
INFO:Epoch  8, valid loss:0.007694, valid accuracy:0.000000
INFO:Epoch  8, valid loss:0.007604, valid accuracy:0.000000
INFO:Epoch  8, valid loss:0.007825, valid accuracy:0.000000
INFO:Epoch  8, valid loss:0.007936, valid accuracy:0.000000
INFO:Epoch  9, train loss:0.007908
INFO:Epoch  9, train loss:0.007790
INFO:Epoch  9, train loss:0.007815
INFO:Epoch  9, train loss:0.007689
INFO:Epoch  9, valid loss:0.007537, valid accuracy:0.000000
INFO:Epoch  9, valid loss:0.007592, valid accuracy:0.000000
INFO:Epoch  9, valid loss:0.007748, valid accuracy:0.000000
INFO:Epoch  9, valid loss:0.007812, valid accuracy:0.000000
